<?xml version="1.0" encoding="UTF-8"?>
<testng-results skipped="0" failed="0" ignored="0" total="1" passed="1">
  <reporter-output>
  </reporter-output>
  <suite name="Default suite" duration-ms="106297" started-at="2019-07-27T16:53:37Z" finished-at="2019-07-27T16:55:23Z">
    <groups>
    </groups>
    <test name="Default test" duration-ms="106297" started-at="2019-07-27T16:53:37Z" finished-at="2019-07-27T16:55:23Z">
      <class name="kdf.Application">
        <test-method status="PASS" signature="applicationTest()[pri:0, instance:kdf.Application@cc285f4]" name="applicationTest" duration-ms="106136" started-at="2019-07-27T16:53:37Z" finished-at="2019-07-27T16:55:23Z">
          <reporter-output>
          </reporter-output>
        </test-method> <!-- applicationTest -->
      </class> <!-- kdf.Application -->
    </test> <!-- Default test -->
  </suite> <!-- Default suite -->
</testng-results>
